 PATH path5421 FOUND 
Scale factor = 1.000000
 0) 38.62,93.29
    38.63,92.56
    38.63,91.67
    39.72,91.56
    40.87,91.40
    42.17,91.09
    43.22,90.80
    43.22,92.68
    43.21,94.46
    42.73,94.68
    41.78,95.14
    40.17,95.89
    38.62,96.61
    38.63,94.16
 PATH path5376 FOUND 
Scale factor = 1.000000
 1) 43.21,92.02
    43.22,90.80
    44.24,90.58
    45.44,90.25
    46.56,89.89
    46.56,91.81
    46.56,92.64
    45.72,93.08
    44.33,93.81
    43.21,94.46
    43.22,93.00
 PATH path5141 FOUND 
Scale factor = 1.000000
 2) 46.56,90.87
    46.56,89.89
    47.27,89.74
    47.62,89.71
    47.89,89.72
    48.40,89.79
    48.76,90.04
    48.97,90.22
    48.96,90.48
    48.92,90.58
    46.56,92.64
    46.56,91.84
 PATH path4836 FOUND 
Scale factor = 1.000000
 3) 87.71,30.06
    86.67,28.97
    85.47,28.23
    83.93,27.68
    82.27,27.14
    80.34,26.69
    79.08,26.54
    79.09,24.74
    79.08,22.69
    83.98,22.68
    88.37,22.69
    89.63,23.42
    90.87,24.39
    92.15,25.63
    93.07,26.84
    93.89,28.43
    95.01,31.24
    95.24,32.38
    91.88,32.34
    88.67,32.38
 PATH path4800 FOUND 
Scale factor = 1.000000
 4) 79.11,42.11
    79.13,39.35
    81.33,38.85
    83.21,38.31
    84.98,37.70
    86.69,36.91
    86.71,40.35
    86.69,42.92
    85.34,43.44
    83.57,43.93
    81.50,44.45
    79.13,44.85
    79.11,42.11
 PATH path4743 FOUND 
Scale factor = 1.000000
 5) 86.68,39.67
    86.69,36.91
    88.00,36.02
    88.80,34.97
    88.95,33.94
    88.67,32.38
    91.97,32.33
    95.24,32.38
    95.18,34.24
    94.95,35.96
    94.35,37.36
    93.49,38.50
    92.38,39.53
    91.07,40.58
    89.58,41.36
    87.63,42.43
    86.69,42.92
 PATH path4675 FOUND 
Scale factor = 1.000000
 6) 72.02,25.98
    68.94,25.92
    65.25,26.01
    65.25,24.38
    65.25,22.69
    72.19,22.66
    79.08,22.69
    79.12,24.65
    79.08,26.54
 PATH path4624 FOUND 
Scale factor = 1.000000
 7) 65.21,43.03
    65.26,40.40
    68.67,40.36
    71.50,40.26
    74.94,39.95
    78.11,39.57
    79.13,39.35
    79.15,42.18
    79.13,44.85
    78.43,44.94
    75.61,45.12
    72.04,45.35
    66.13,45.65
    65.25,45.72
 PATH path4500 FOUND 
Scale factor = 1.000000
 8) 69.11,4.94
    65.25,4.68
    65.23,2.49
    65.25,0.12
    68.95,0.35
    72.44,0.76
    72.45,3.10
    72.44,5.52
    69.11,4.94
 PATH path3723 FOUND 
Scale factor = 1.000000
 9) 72.44,0.76
    72.44,5.52
    73.49,5.76
    75.34,6.47
    76.95,7.62
    77.87,9.35
    77.82,11.32
    77.69,11.69
    83.14,12.06
    83.24,11.54
    83.07,8.19
    82.20,5.35
    80.17,3.20
    77.49,1.90
    74.61,1.12
 PATH path4256 FOUND 
Scale factor = 1.000000
10) 77.69,11.69
    76.90,13.83
    75.51,16.10
    73.47,17.82
    71.06,18.97
    68.50,19.73
    65.87,20.22
    65.25,20.30
    65.25,22.69
    88.38,22.69
    86.66,22.11
    84.25,21.58
    81.81,21.23
    79.35,21.00
    76.89,20.87
    77.84,20.16
    78.71,19.35
    79.51,18.47
    80.25,17.55
    80.93,16.58
    81.56,15.57
    82.14,14.53
    82.63,13.46
    83.03,12.34
    83.14,11.69
 PATH path4174 FOUND 
Scale factor = 1.000000
11) 59.73,0.00
    58.52,0.02
    57.31,0.04
    56.10,0.07
    54.89,0.09
    53.68,0.12
    52.46,0.14
    51.25,0.18
    50.04,0.21
    48.83,0.26
    47.62,0.32
    46.71,0.37
    45.79,0.43
    44.88,0.49
    43.96,0.57
    43.05,0.66
    42.14,0.75
    41.23,0.85
    40.32,0.96
    39.42,1.08
    38.51,1.20
    37.75,1.34
    36.98,1.50
    36.22,1.66
    35.46,1.84
    34.71,2.03
    33.96,2.23
    33.21,2.46
    32.47,2.71
    31.74,2.99
    31.03,3.30
    30.71,3.46
    30.39,3.64
    30.09,3.84
    29.81,4.07
    29.58,4.35
    29.43,4.68
    29.43,5.04
    29.58,5.36
    29.82,5.63
    30.10,5.85
    30.22,5.93
    30.33,6.01
    30.45,6.08
    30.56,6.16
    30.68,6.24
    30.79,6.31
    30.91,6.39
    31.02,6.47
    31.13,6.54
    31.25,6.62
    31.41,6.69
    31.58,6.74
    31.76,6.77
    31.93,6.78
    32.11,6.77
    32.29,6.76
    32.46,6.73
    32.63,6.69
    32.80,6.65
    32.97,6.60
    35.13,5.97
    37.33,5.47
    39.54,5.08
    41.78,4.80
    44.02,4.62
    46.26,4.52
    48.51,4.47
    50.76,4.46
    53.01,4.49
    55.26,4.52
    53.70,8.05
    52.13,11.58
    50.57,15.11
    49.00,18.64
    47.43,22.17
    45.87,25.71
    44.30,29.24
    42.74,32.77
    41.17,36.30
    39.61,39.83
    34.82,40.14
    30.07,40.86
    25.41,42.00
    20.89,43.61
    16.57,45.69
    12.51,48.25
    8.79,51.27
    5.45,54.72
    2.54,58.53
    0.05,62.63
    0.03,62.84
    0.01,63.06
    0.00,63.28
    0.01,63.50
    0.03,63.71
    0.07,63.93
    0.14,64.13
    0.24,64.33
    0.37,64.49
    0.54,64.63
    1.49,65.11
    2.46,65.54
    3.45,65.92
    4.46,66.26
    5.47,66.55
    6.50,66.81
    7.54,67.04
    8.58,67.24
    9.63,67.42
    10.68,67.58
    10.93,67.51
    11.17,67.42
    11.42,67.33
    11.65,67.21
    11.86,67.05
    12.03,66.86
    12.17,66.63
    12.26,66.39
    12.33,66.14
    12.37,65.88
    12.08,65.21
    11.66,64.61
    11.11,64.12
    10.51,63.70
    9.91,63.28
    9.40,62.75
    9.10,62.09
    8.98,61.36
    9.00,60.63
    9.09,59.90
    10.75,57.06
    12.94,54.59
    15.47,52.47
    18.23,50.67
    21.15,49.15
    24.20,47.88
    27.34,46.87
    30.56,46.12
    33.82,45.64
    37.12,45.49
    35.35,49.47
    33.55,53.44
    31.75,57.41
    30.00,61.40
    28.38,65.44
    26.96,69.56
    25.81,73.76
    25.01,78.04
    24.59,82.38
    24.53,86.73
    24.67,87.96
    24.81,89.20
    24.96,90.43
    25.10,91.66
    25.24,92.89
    25.38,94.12
    25.52,95.36
    25.67,96.59
    25.81,97.82
    25.95,99.05
    25.99,99.18
    26.02,99.30
    26.07,99.42
    26.12,99.54
    26.19,99.65
    26.28,99.75
    26.38,99.83
    26.49,99.90
    26.61,99.95
    26.73,100.00
    29.28,99.68
    31.78,99.10
    34.23,98.34
    36.64,97.45
    38.63,96.62
    40.61,91.67
    39.73,91.78
    38.41,91.90
    37.09,91.95
    35.76,91.94
    35.40,91.75
    35.11,91.48
    34.86,91.16
    34.65,90.82
    34.46,90.47
    34.29,90.10
    34.13,89.74
    33.97,89.36
    33.82,88.99
    33.66,88.63
    33.35,86.57
    33.24,84.49
    33.30,82.40
    33.49,80.33
    33.79,78.26
    34.17,76.21
    34.64,74.19
    35.19,72.17
    35.82,70.19
    36.55,68.23
    37.52,65.96
    38.50,63.69
    39.47,61.41
    40.44,59.14
    41.42,56.87
    42.39,54.59
    43.36,52.32
    44.34,50.05
    45.31,47.78
    46.28,45.50
    52.00,45.58
    57.72,45.68
    63.45,45.74
    65.25,45.72
    65.25,40.38
    64.82,40.38
    60.34,40.37
    55.86,40.26
    51.38,40.11
    46.90,39.92
    47.39,38.52
    47.95,37.15
    48.55,35.79
    49.17,34.45
    49.80,33.10
    50.43,31.76
    51.06,30.42
    51.69,29.07
    52.32,27.73
    52.96,26.39
    56.89,26.32
    60.82,26.16
    64.75,26.02
    65.25,26.01
    65.75,20.30
    63.71,20.54
    61.05,20.75
    58.38,20.86
    55.70,20.90
    56.35,19.27
    56.50,17.63
    57.15,16.00
    57.80,14.37
    58.45,12.73
    59.09,11.10
    59.74,9.47
    60.39,7.84
    61.04,6.20
    61.69,4.57
    63.67,4.62
    65.25,4.68
    65.25,0.12
    62.72,0.03

Object origin:
47.621096 50.000001

Eagle Command:
set wire_bend 2;
change layer tNames;
set width 0.000500;
poly (R -8.997275 -43.292336) (R -8.993375 -42.559769) (R -8.996075 -41.671879) (R -7.903508 -41.562377) (R -6.749423 -41.397282) (R -5.455328 -41.093142) (R -4.398426 -40.796874) (R -4.399426 -42.680535) (R -4.413116 -44.463026) (R -4.894599 -44.684200) (R -5.843800 -45.140245) (R -7.446117 -45.887831) (R -8.996270 -46.610818) (R -8.993270 -44.163407) (R -8.997275 -43.292336);
poly (R -4.415979 -42.022381) (R -4.398439 -40.796874) (R -3.382775 -40.575946) (R -2.177697 -40.247017) (R -1.062501 -39.890624) (R -1.064401 -41.812914) (R -1.062501 -42.640617) (R -1.902262 -43.077582) (R -3.286220 -43.813876) (R -4.413174 -44.463027) (R -4.400354 -42.995038) (R -4.415979 -42.022381);
poly (R -1.061803 -40.868219) (R -1.062502 -39.890624) (R -0.348909 -39.739266) (R 0.000700 -39.707416) (R 0.270232 -39.715416) (R 0.774138 -39.793256) (R 1.141325 -40.042974) (R 1.346031 -40.221823) (R 1.340131 -40.477822) (R 1.301441 -40.575432) (R -1.062512 -42.640617) (R -1.065712 -41.840898) (R -1.061803 -40.868219);
poly (R 40.089900 19.944459) (R 39.052586 21.025035) (R 37.850842 21.774014) (R 36.313119 22.319264) (R 34.650488 22.858785) (R 32.717201 23.310981) (R 31.462888 23.464845) (R 31.472288 25.262185) (R 31.462888 27.312501) (R 36.355711 27.318901) (R 40.753904 27.312501) (R 42.012521 26.582734) (R 43.249955 25.614512) (R 44.527071 24.371430) (R 45.447683 23.157377) (R 46.273093 21.569329) (R 47.387888 18.760759) (R 47.621096 17.625000) (R 44.263833 17.657270) (R 41.052736 17.625000) (R 40.089900 19.944459);
poly (R 31.489116 7.890300) (R 31.503906 10.652344) (R 33.709873 11.147124) (R 35.593649 11.685556) (R 37.361417 12.304826) (R 39.066408 13.091798) (R 39.090208 9.648924) (R 39.066418 7.083984) (R 37.719700 6.562056) (R 35.951750 6.068437) (R 33.874396 5.545077) (R 31.503911 5.148438) (R 31.489121 7.890296) (R 31.489116 7.890300);
poly (R 39.055798 10.332250) (R 39.066408 13.091798) (R 40.378194 13.975532) (R 41.181059 15.025144) (R 41.333334 16.058183) (R 41.052736 17.625001) (R 44.343929 17.671271) (R 47.621096 17.625001) (R 47.560326 15.757109) (R 47.333455 14.041822) (R 46.727813 12.636147) (R 45.868053 11.495635) (R 44.762698 10.467437) (R 43.447421 9.417142) (R 41.961392 8.643656) (R 40.008562 7.572354) (R 39.066413 7.083984) (R 39.055798 10.332250);
poly (R 24.402529 24.023954) (R 21.322043 24.083497) (R 17.628904 23.988279) (R 17.632204 25.622625) (R 17.628904 27.312501) (R 24.568353 27.336591) (R 31.462888 27.312501) (R 31.496708 25.347486) (R 31.462888 23.464845) (R 24.402529 24.023954);
poly (R 17.593637 6.966698) (R 17.634117 9.601498) (R 21.052740 9.640178) (R 23.880258 9.739348) (R 27.316355 10.048634) (R 30.492811 10.427100) (R 31.503906 10.652344) (R 31.525846 7.822062) (R 31.503906 5.148438) (R 30.813218 5.056938) (R 27.990315 4.879047) (R 24.421636 4.647209) (R 18.505959 4.348192) (R 17.628904 4.283202) (R 17.593637 6.966698);
poly (R 21.492159 45.061129) (R 17.628904 45.318360) (R 17.613252 47.510042) (R 17.628904 49.882813) (R 21.328100 49.646719) (R 24.816404 49.244141) (R 24.832004 46.896616) (R 24.816404 44.484376) (R 21.492159 45.061129) (R 21.492159 45.061129);
poly (R 24.816404 49.244141) (R 24.816404 44.484376) (R 25.871092 44.238282) (R 27.718748 43.527344) (R 29.324216 42.378907) (R 30.244138 40.650391) (R 30.199218 38.681642) (R 30.064453 38.312501) (R 35.523437 37.943359) (R 35.615237 38.458984) (R 35.449216 41.810547) (R 34.576170 44.648438) (R 32.544920 46.800782) (R 29.865232 48.101563) (R 26.984373 48.884766) (R 24.816404 49.244141);
poly (R 30.064451 38.312501) (R 29.277342 36.173829) (R 27.884763 33.900392) (R 25.853513 32.175782) (R 23.443357 31.025392) (R 20.878904 30.273439) (R 18.249998 29.777345) (R 17.628904 29.701173) (R 17.628904 27.312501) (R 40.753904 27.312501) (R 39.037107 27.890626) (R 36.628904 28.419923) (R 34.187498 28.769532) (R 31.728513 28.996095) (R 29.265623 29.134767) (R 30.220701 29.837892) (R 31.087888 30.646485) (R 31.886716 31.525392) (R 32.626951 32.453126) (R 33.312498 33.421876) (R 33.943357 34.427735) (R 34.515623 35.466798) (R 35.013670 36.544923) (R 35.408201 37.662110) (R 35.523435 38.312501) (R 30.064451 38.312501);
poly (R 12.111326 50.000001) (R 10.900388 49.978516) (R 9.689451 49.957032) (R 8.476560 49.933594) (R 7.265623 49.910157) (R 6.054685 49.884766) (R 4.843748 49.855469) (R 3.630857 49.824219) (R 2.417966 49.787110) (R 1.207029 49.742188) (R -0.001955 49.683594) (R -0.916018 49.632813) (R -1.830080 49.574219) (R -2.742190 49.505860) (R -3.656252 49.429688) (R -4.566408 49.343750) (R -5.478518 49.250000) (R -6.386721 49.148438) (R -7.296877 49.039063) (R -8.205080 48.921875) (R -9.109377 48.796875) (R -9.875002 48.656250) (R -10.638674 48.503906) (R -11.400393 48.339844) (R -12.160158 48.164063) (R -12.916018 47.974610) (R -13.664065 47.767578) (R -14.412112 47.542969) (R -15.150393 47.292969) (R -15.876955 47.013672) (R -16.589846 46.697266) (R -16.916018 46.541016) (R -17.230471 46.363281) (R -17.531252 46.162110) (R -17.808596 45.927735) (R -18.041018 45.650391) (R -18.189455 45.322266) (R -18.193355 44.962891) (R -18.044917 44.636719) (R -17.804683 44.367188) (R -17.517573 44.146485) (R -17.404292 44.070313) (R -17.289058 43.994141) (R -17.173823 43.916016) (R -17.060542 43.839844) (R -16.945308 43.763672) (R -16.830073 43.685547) (R -16.714839 43.609375) (R -16.599605 43.531250) (R -16.486323 43.455078) (R -16.373042 43.378906) (R -16.207027 43.310547) (R -16.039058 43.261719) (R -15.865230 43.234375) (R -15.689448 43.222656) (R -15.511714 43.226566) (R -15.335933 43.244144) (R -15.162105 43.271488) (R -14.988277 43.308597) (R -14.818355 43.353519) (R -14.648433 43.404300) (R -12.488277 44.029300) (R -10.294917 44.533206) (R -8.078120 44.919925) (R -5.845698 45.197268) (R -3.603511 45.378909) (R -1.357417 45.482425) (R 0.892583 45.529300) (R 3.142583 45.535160) (R 5.392583 45.513676) (R 7.640630 45.478520) (R 6.076177 41.949223) (R 4.509770 38.419927) (R 2.945317 34.888677) (R 1.378904 31.357423) (R -0.187502 27.826173) (R -1.751955 24.294923) (R -3.318362 20.763673) (R -4.882815 17.234376) (R -6.449221 13.703126) (R -8.015627 10.171876) (R -12.802737 9.857423) (R -17.546877 9.142579) (R -22.207034 7.998048) (R -26.728518 6.394532) (R -31.050784 4.312501) (R -35.107424 1.751954) (R -38.830080 -1.271483) (R -42.167971 -4.716796) (R -45.083987 -8.525390) (R -47.570315 -12.628905) (R -47.595705 -12.843749) (R -47.613284 -13.062499) (R -47.621096 -13.281249) (R -47.615237 -13.498046) (R -47.593752 -13.714843) (R -47.552737 -13.927733) (R -47.484377 -14.134765) (R -47.384768 -14.326171) (R -47.248049 -14.494140) (R -47.080080 -14.632811) (R -46.130862 -15.107421) (R -45.160159 -15.535155) (R -44.171877 -15.917968) (R -43.166018 -16.257811) (R -42.148440 -16.554687) (R -41.119143 -16.814452) (R -40.082034 -17.041015) (R -39.041018 -17.238280) (R -37.994143 -17.416015) (R -36.945315 -17.578124) (R -36.695315 -17.505854) (R -36.447268 -17.423824) (R -36.205080 -17.328124) (R -35.972658 -17.205077) (R -35.763674 -17.050780) (R -35.589846 -16.857421) (R -35.455080 -16.634765) (R -35.359380 -16.390624) (R -35.294930 -16.138671) (R -35.253910 -15.880858) (R -35.541020 -15.207030) (R -35.964848 -14.609374) (R -36.507817 -14.117187) (R -37.113286 -13.701171) (R -37.710942 -13.277343) (R -38.216801 -12.748046) (R -38.525395 -12.085937) (R -38.640629 -11.361327) (R -38.625004 -10.628905) (R -38.531254 -9.900390) (R -36.871098 -7.056640) (R -34.685551 -4.587890) (R -32.154301 -2.472655) (R -29.392582 -0.669921) (R -26.466801 0.853517) (R -23.417973 2.117189) (R -20.277348 3.128907) (R -17.064457 3.882813) (R -13.800786 4.355470) (R -10.505864 4.509767) (R -12.267582 0.527345) (R -14.070317 -3.439452) (R -15.871098 -7.408202) (R -17.619145 -11.398437) (R -19.244145 -15.441405) (R -20.666020 -19.558593) (R -21.808598 -23.761718) (R -22.609379 -28.041015) (R -23.035160 -32.374999) (R -23.093750 -36.730468) (R -22.951172 -37.962890) (R -22.808594 -39.195311) (R -22.666016 -40.427733) (R -22.523438 -41.660155) (R -22.382813 -42.890624) (R -22.240235 -44.123046) (R -22.097656 -45.355468) (R -21.955078 -46.587890) (R -21.812500 -47.818358) (R -21.669922 -49.050780) (R -21.634762 -49.175780) (R -21.597652 -49.298827) (R -21.552732 -49.421874) (R -21.498042 -49.539061) (R -21.427732 -49.650390) (R -21.341792 -49.748050) (R -21.242182 -49.830081) (R -21.132807 -49.896491) (R -21.015619 -49.953131) (R -20.892572 -50.000001) (R -18.345697 -49.677744) (R -15.843744 -49.099619) (R -13.390619 -48.343760) (R -10.980463 -47.453135) (R -8.996088 -46.619151) (R -7.011713 -41.671881) (R -7.888666 -41.783209) (R -9.210932 -41.898444) (R -10.535151 -41.951174) (R -11.861322 -41.935544) (R -12.216791 -41.753903) (R -12.511713 -41.480466) (R -12.757807 -41.162106) (R -12.970697 -40.822263) (R -13.158197 -40.466794) (R -13.332025 -40.103513) (R -13.492182 -39.736325) (R -13.646479 -39.363278) (R -13.798822 -38.992185) (R -13.960932 -38.626950) (R -14.275385 -36.566403) (R -14.378901 -34.486325) (R -14.318351 -32.402341) (R -14.130851 -30.328122) (R -13.833976 -28.263669) (R -13.447257 -26.214841) (R -12.976554 -24.185544) (R -12.429679 -22.173825) (R -11.800772 -20.185544) (R -11.072257 -18.232419) (R -10.099601 -15.958981) (R -9.124991 -13.685544) (R -8.152335 -11.414059) (R -7.179679 -9.140622) (R -6.205069 -6.867185) (R -5.232413 -4.593747) (R -4.259757 -2.322263) (R -3.285148 -0.048825) (R -2.312491 2.224612) (R -1.339835 4.498050) (R 4.382821 4.421881) (R 10.103524 4.324221) (R 15.826181 4.259771) (R 17.628904 4.283204) (R 17.628904 9.625001) (R 17.197263 9.615201) (R 12.714842 9.634731) (R 8.236326 9.736293) (R 3.755857 9.894496) (R -0.722658 10.080043) (R -0.230471 11.476527) (R 0.328123 12.851527) (R 0.933592 14.205043) (R 1.552732 15.552699) (R 2.177732 16.898403) (R 2.804685 18.240199) (R 3.435545 19.583949) (R 4.068357 20.925746) (R 4.701170 22.267543) (R 5.335935 23.607387) (R 9.269529 23.677697) (R 13.199216 23.835901) (R 17.130857 23.978479) (R 17.628904 23.988279) (R 18.126951 29.701170) (R 16.093748 29.455076) (R 13.427732 29.253904) (R 10.753904 29.142576) (R 8.080076 29.101556) (R 8.728513 30.734369) (R 8.878904 32.367189) (R 9.527342 34.000001) (R 10.175779 35.632813) (R 10.824216 37.265626) (R 11.472654 38.898439) (R 12.121092 40.531251) (R 12.769529 42.164063) (R 13.416013 43.796876) (R 14.064451 45.429688) (R 16.046873 45.380860) (R 17.628904 45.318360) (R 17.628904 49.882813) (R 15.099607 49.966797) (R 12.111326 50.000001);

